Flow report for M
Mon Mar 18 16:00:09 2013
Quartus II Version 8.0 Build 215 05/29/2008 SJ Full Version


---------------------
; Table of Contents ;
---------------------
  1. Legal Notice
  2. Flow Summary
  3. Flow Settings
  4. Flow Non-Default Global Settings
  5. Flow Elapsed Time
  6. Flow Log



----------------
; Legal Notice ;
----------------
Copyright (C) 1991-2008 Altera Corporation
Your use of Altera Corporation's design tools, logic functions 
and other software and tools, and its AMPP partner logic 
functions, and any output files from any of the foregoing 
(including device programming or simulation files), and any 
associated documentation or information are expressly subject 
to the terms and conditions of the Altera Program License 
Subscription Agreement, Altera MegaCore Function License 
Agreement, or other applicable license agreement, including, 
without limitation, that your use is for the sole purpose of 
programming logic devices manufactured by Altera and sold by 
Altera or its authorized distributors.  Please refer to the 
applicable agreement for further details.



+-------------------------------------------------------------------------------+
; Flow Summary                                                                  ;
+------------------------------------+------------------------------------------+
; Flow Status                        ; Successful - Mon Mar 18 16:00:08 2013    ;
; Quartus II Version                 ; 8.0 Build 215 05/29/2008 SJ Full Version ;
; Revision Name                      ; M                                        ;
; Top-level Entity Name              ; Final                                    ;
; Family                             ; Cyclone II                               ;
; Device                             ; EP2C35F672C6                             ;
; Timing Models                      ; Final                                    ;
; Met timing requirements            ; Yes                                      ;
; Total logic elements               ; 1,328 / 33,216 ( 4 % )                   ;
;     Total combinational functions  ; 1,328 / 33,216 ( 4 % )                   ;
;     Dedicated logic registers      ; 558 / 33,216 ( 2 % )                     ;
; Total registers                    ; 558                                      ;
; Total pins                         ; 8 / 475 ( 2 % )                          ;
; Total virtual pins                 ; 0                                        ;
; Total memory bits                  ; 0 / 483,840 ( 0 % )                      ;
; Embedded Multiplier 9-bit elements ; 0 / 70 ( 0 % )                           ;
; Total PLLs                         ; 0 / 4 ( 0 % )                            ;
+------------------------------------+------------------------------------------+


+-----------------------------------------+
; Flow Settings                           ;
+-------------------+---------------------+
; Option            ; Setting             ;
+-------------------+---------------------+
; Start date & time ; 03/18/2013 15:59:36 ;
; Main task         ; Compilation         ;
; Revision Name     ; M                   ;
+-------------------+---------------------+


+----------------------------------------------------------------------------------------------------------------+
; Flow Non-Default Global Settings                                                                               ;
+------------------------------------+--------------------------------+---------------+-------------+------------+
; Assignment Name                    ; Value                          ; Default Value ; Entity Name ; Section Id ;
+------------------------------------+--------------------------------+---------------+-------------+------------+
; COMPILER_SIGNATURE_ID              ; 70787614107711.136362237604496 ; --            ; --          ; --         ;
; IP_TOOL_NAME                       ; LPM_MUX                        ; --            ; --          ; --         ;
; IP_TOOL_NAME                       ; LPM_MUX                        ; --            ; --          ; --         ;
; IP_TOOL_NAME                       ; LPM_MUX                        ; --            ; --          ; --         ;
; IP_TOOL_NAME                       ; LPM_MUX                        ; --            ; --          ; --         ;
; IP_TOOL_NAME                       ; LPM_MUX                        ; --            ; --          ; --         ;
; IP_TOOL_NAME                       ; LPM_MUX                        ; --            ; --          ; --         ;
; IP_TOOL_NAME                       ; LPM_MUX                        ; --            ; --          ; --         ;
; IP_TOOL_NAME                       ; LPM_MUX                        ; --            ; --          ; --         ;
; IP_TOOL_VERSION                    ; 8.0                            ; --            ; --          ; --         ;
; IP_TOOL_VERSION                    ; 8.0                            ; --            ; --          ; --         ;
; IP_TOOL_VERSION                    ; 8.0                            ; --            ; --          ; --         ;
; IP_TOOL_VERSION                    ; 8.0                            ; --            ; --          ; --         ;
; IP_TOOL_VERSION                    ; 8.0                            ; --            ; --          ; --         ;
; IP_TOOL_VERSION                    ; 8.0                            ; --            ; --          ; --         ;
; IP_TOOL_VERSION                    ; 8.0                            ; --            ; --          ; --         ;
; IP_TOOL_VERSION                    ; 8.0                            ; --            ; --          ; --         ;
; MISC_FILE                          ; lpm_mux0.tdf                   ; --            ; --          ; --         ;
; MISC_FILE                          ; lpm_mux0.bsf                   ; --            ; --          ; --         ;
; MISC_FILE                          ; lpm_mux0.inc                   ; --            ; --          ; --         ;
; MISC_FILE                          ; lpm_mux1.tdf                   ; --            ; --          ; --         ;
; MISC_FILE                          ; lpm_mux1.bsf                   ; --            ; --          ; --         ;
; MISC_FILE                          ; lpm_mux1.inc                   ; --            ; --          ; --         ;
; MISC_FILE                          ; lpm_mux2.tdf                   ; --            ; --          ; --         ;
; MISC_FILE                          ; lpm_mux2.bsf                   ; --            ; --          ; --         ;
; MISC_FILE                          ; lpm_mux2.inc                   ; --            ; --          ; --         ;
; MISC_FILE                          ; lpm_mux3.tdf                   ; --            ; --          ; --         ;
; MISC_FILE                          ; lpm_mux3.bsf                   ; --            ; --          ; --         ;
; MISC_FILE                          ; lpm_mux3.inc                   ; --            ; --          ; --         ;
; MISC_FILE                          ; lpm_mux4.tdf                   ; --            ; --          ; --         ;
; MISC_FILE                          ; lpm_mux4.bsf                   ; --            ; --          ; --         ;
; MISC_FILE                          ; lpm_mux4.inc                   ; --            ; --          ; --         ;
; MISC_FILE                          ; lpm_mux5.tdf                   ; --            ; --          ; --         ;
; MISC_FILE                          ; lpm_mux5.bsf                   ; --            ; --          ; --         ;
; MISC_FILE                          ; lpm_mux5.inc                   ; --            ; --          ; --         ;
; MISC_FILE                          ; lpm_mux6.tdf                   ; --            ; --          ; --         ;
; MISC_FILE                          ; lpm_mux6.bsf                   ; --            ; --          ; --         ;
; MISC_FILE                          ; lpm_mux6.inc                   ; --            ; --          ; --         ;
; MISC_FILE                          ; lpm_mux7.tdf                   ; --            ; --          ; --         ;
; MISC_FILE                          ; lpm_mux7.bsf                   ; --            ; --          ; --         ;
; MISC_FILE                          ; lpm_mux7.inc                   ; --            ; --          ; --         ;
; PARTITION_COLOR                    ; 14622752                       ; --            ; Final       ; Top        ;
; PARTITION_NETLIST_TYPE             ; SOURCE                         ; --            ; Final       ; Top        ;
; TOP_LEVEL_ENTITY                   ; Final                          ; M             ; --          ; --         ;
; USE_GENERATED_PHYSICAL_CONSTRAINTS ; Off                            ; --            ; --          ; eda_palace ;
+------------------------------------+--------------------------------+---------------+-------------+------------+


+-----------------------------------------------------------------------------------------------------------------------------+
; Flow Elapsed Time                                                                                                           ;
+-------------------------+--------------+-------------------------+---------------------+------------------------------------+
; Module Name             ; Elapsed Time ; Average Processors Used ; Peak Virtual Memory ; Total CPU Time (on all processors) ;
+-------------------------+--------------+-------------------------+---------------------+------------------------------------+
; Analysis & Synthesis    ; 00:00:14     ; 1.0                     ; 238 MB              ; 00:00:10                           ;
; Fitter                  ; 00:00:08     ; 1.0                     ; 275 MB              ; 00:00:07                           ;
; Assembler               ; 00:00:03     ; 1.0                     ; 258 MB              ; 00:00:02                           ;
; Classic Timing Analyzer ; 00:00:00     ; 1.0                     ; 170 MB              ; 00:00:00                           ;
; Total                   ; 00:00:25     ; --                      ; --                  ; 00:00:19                           ;
+-------------------------+--------------+-------------------------+---------------------+------------------------------------+


------------
; Flow Log ;
------------
quartus_map --read_settings_files=on --write_settings_files=off M -c M
quartus_fit --read_settings_files=off --write_settings_files=off M -c M
quartus_asm --read_settings_files=off --write_settings_files=off M -c M
quartus_tan --read_settings_files=off --write_settings_files=off M -c M --timing_analysis_only



